<?xml version="1.0" encoding="UTF-8"?>
<testng-results ignored="0" total="1" passed="1" failed="0" skipped="0">
  <reporter-output>
  </reporter-output>
  <suite started-at="2024-01-26T14:59:54 IST" name="Default suite" finished-at="2024-01-26T15:00:00 IST" duration-ms="5604">
    <groups>
    </groups>
    <test started-at="2024-01-26T14:59:54 IST" name="Default test" finished-at="2024-01-26T15:00:00 IST" duration-ms="5604">
      <class name="Maven.Maven.TestCase01">
        <test-method signature="sampleProgramme()[pri:0, instance:Maven.Maven.TestCase01@54422e18]" started-at="2024-01-26T14:59:54 IST" name="sampleProgramme" finished-at="2024-01-26T15:00:00 IST" duration-ms="5505" status="PASS">
          <reporter-output>
          </reporter-output>
        </test-method> <!-- sampleProgramme -->
      </class> <!-- Maven.Maven.TestCase01 -->
    </test> <!-- Default test -->
  </suite> <!-- Default suite -->
</testng-results>
